<?xml version="1.0" encoding="UTF-8"?>
<!-- Generated by org.testng.reporters.JUnitXMLReporter -->
<testsuite ignored="1" hostname="DESKTOP-U1MG85P" failures="0" tests="12" name="Test" time="83.387" errors="0" timestamp="2024-05-17T11:00:50 IST">
  <testcase classname="com.videostori.testcases.loginforall" name="loginforall" time="5.702"/>
  <testcase classname="com.videostori.testcases.TC03_userManagement" name="UsermanagementTestwithduplicate" time="7.165"/>
  <testcase classname="com.videostori.testcases.TC03_userManagement" name="UsermanagementTestwithoutfirstname" time="6.063"/>
  <testcase classname="com.videostori.testcases.TC03_userManagement" name="UsermanagementTestwithoutlastname" time="6.233"/>
  <testcase classname="com.videostori.testcases.TC03_userManagement" name="UsermanagementTestwithoutemail" time="6.113"/>
  <testcase classname="com.videostori.testcases.TC03_userManagement" name="UsermanagementTestwithinvalidemail" time="6.251"/>
  <testcase classname="com.videostori.testcases.TC03_userManagement" name="UsermanagementTestwithblankmobilenumber" time="6.112"/>
  <testcase classname="com.videostori.testcases.TC03_userManagement" name="UsermanagementTestwithinvalidmobilenumberdigit" time="6.153"/>
  <testcase classname="com.videostori.testcases.TC03_userManagement" name="UsermanagementTestwithblankpwdalert" time="6.074"/>
  <testcase classname="com.videostori.testcases.TC03_userManagement" name="UsermanagementTestwithpwdformatalert" time="6.301"/>
  <testcase classname="com.videostori.testcases.TC03_userManagement" name="UsermanagementTestwithblankconfirmpwdalert" time="6.203"/>
  <testcase classname="com.videostori.testcases.TC03_userManagement" name="UsermanagementTestwithconfirmpwdnotmatchalert" time="6.132"/>
  <testcase classname="com.videostori.testcases.TC03_userManagement" name="UsermanagementTest" time="0.0">
    <ignored/>
  </testcase> <!-- UsermanagementTest -->
</testsuite> <!-- Test -->
